<?xml version="1.0" encoding="UTF-8"?>
<testsuite xmlns:xsi="http://www.w3.org/2001/XMLSchema-instance" xsi:noNamespaceSchemaLocation="https://maven.apache.org/surefire/maven-surefire-plugin/xsd/surefire-test-report-3.0.xsd" version="3.0" name="com.sarthak.webapp.controller.UserControllerTest" time="1.576" tests="2" errors="0" skipped="0" failures="0">
  <properties>
    <property name="java.specification.version" value="23"/>
    <property name="sun.jnu.encoding" value="UTF-8"/>
    <property name="java.class.path" value="/Users/sarthak/csye6225/webapp/target/test-classes:/Users/sarthak/csye6225/webapp/target/classes:/Users/sarthak/.m2/repository/org/springframework/boot/spring-boot-starter-data-jpa/3.2.10/spring-boot-starter-data-jpa-3.2.10.jar:/Users/sarthak/.m2/repository/org/springframework/boot/spring-boot-starter-jdbc/3.2.10/spring-boot-starter-jdbc-3.2.10.jar:/Users/sarthak/.m2/repository/org/springframework/spring-jdbc/6.1.13/spring-jdbc-6.1.13.jar:/Users/sarthak/.m2/repository/org/springframework/spring-aspects/6.1.13/spring-aspects-6.1.13.jar:/Users/sarthak/.m2/repository/org/springframework/boot/spring-boot-starter-security/3.2.10/spring-boot-starter-security-3.2.10.jar:/Users/sarthak/.m2/repository/org/springframework/boot/spring-boot-starter/3.2.10/spring-boot-starter-3.2.10.jar:/Users/sarthak/.m2/repository/org/springframework/boot/spring-boot-starter-logging/3.2.10/spring-boot-starter-logging-3.2.10.jar:/Users/sarthak/.m2/repository/ch/qos/logback/logback-classic/1.4.14/logback-classic-1.4.14.jar:/Users/sarthak/.m2/repository/ch/qos/logback/logback-core/1.4.14/logback-core-1.4.14.jar:/Users/sarthak/.m2/repository/org/apache/logging/log4j/log4j-to-slf4j/2.21.1/log4j-to-slf4j-2.21.1.jar:/Users/sarthak/.m2/repository/org/apache/logging/log4j/log4j-api/2.21.1/log4j-api-2.21.1.jar:/Users/sarthak/.m2/repository/org/slf4j/jul-to-slf4j/2.0.16/jul-to-slf4j-2.0.16.jar:/Users/sarthak/.m2/repository/org/yaml/snakeyaml/2.2/snakeyaml-2.2.jar:/Users/sarthak/.m2/repository/org/springframework/spring-aop/6.1.13/spring-aop-6.1.13.jar:/Users/sarthak/.m2/repository/org/springframework/security/spring-security-config/6.2.6/spring-security-config-6.2.6.jar:/Users/sarthak/.m2/repository/org/springframework/security/spring-security-web/6.2.6/spring-security-web-6.2.6.jar:/Users/sarthak/.m2/repository/org/springframework/spring-expression/6.1.13/spring-expression-6.1.13.jar:/Users/sarthak/.m2/repository/org/springframework/boot/spring-boot-starter-validation/3.2.10/spring-boot-starter-validation-3.2.10.jar:/Users/sarthak/.m2/repository/org/apache/tomcat/embed/tomcat-embed-el/10.1.30/tomcat-embed-el-10.1.30.jar:/Users/sarthak/.m2/repository/org/hibernate/validator/hibernate-validator/8.0.1.Final/hibernate-validator-8.0.1.Final.jar:/Users/sarthak/.m2/repository/jakarta/validation/jakarta.validation-api/3.0.2/jakarta.validation-api-3.0.2.jar:/Users/sarthak/.m2/repository/org/springframework/boot/spring-boot-starter-web/3.2.10/spring-boot-starter-web-3.2.10.jar:/Users/sarthak/.m2/repository/org/springframework/boot/spring-boot-starter-json/3.2.10/spring-boot-starter-json-3.2.10.jar:/Users/sarthak/.m2/repository/com/fasterxml/jackson/datatype/jackson-datatype-jdk8/2.15.4/jackson-datatype-jdk8-2.15.4.jar:/Users/sarthak/.m2/repository/com/fasterxml/jackson/datatype/jackson-datatype-jsr310/2.15.4/jackson-datatype-jsr310-2.15.4.jar:/Users/sarthak/.m2/repository/com/fasterxml/jackson/module/jackson-module-parameter-names/2.15.4/jackson-module-parameter-names-2.15.4.jar:/Users/sarthak/.m2/repository/org/springframework/boot/spring-boot-starter-tomcat/3.2.10/spring-boot-starter-tomcat-3.2.10.jar:/Users/sarthak/.m2/repository/org/apache/tomcat/embed/tomcat-embed-core/10.1.30/tomcat-embed-core-10.1.30.jar:/Users/sarthak/.m2/repository/org/apache/tomcat/embed/tomcat-embed-websocket/10.1.30/tomcat-embed-websocket-10.1.30.jar:/Users/sarthak/.m2/repository/org/springframework/spring-web/6.1.13/spring-web-6.1.13.jar:/Users/sarthak/.m2/repository/org/springframework/spring-webmvc/6.1.13/spring-webmvc-6.1.13.jar:/Users/sarthak/.m2/repository/software/amazon/awssdk/aws-core/2.27.13/aws-core-2.27.13.jar:/Users/sarthak/.m2/repository/software/amazon/awssdk/annotations/2.27.13/annotations-2.27.13.jar:/Users/sarthak/.m2/repository/software/amazon/awssdk/regions/2.27.13/regions-2.27.13.jar:/Users/sarthak/.m2/repository/software/amazon/awssdk/json-utils/2.27.13/json-utils-2.27.13.jar:/Users/sarthak/.m2/repository/software/amazon/awssdk/third-party-jackson-core/2.27.13/third-party-jackson-core-2.27.13.jar:/Users/sarthak/.m2/repository/software/amazon/awssdk/auth/2.27.13/auth-2.27.13.jar:/Users/sarthak/.m2/repository/software/amazon/awssdk/http-auth-aws/2.27.13/http-auth-aws-2.27.13.jar:/Users/sarthak/.m2/repository/software/amazon/awssdk/http-auth-aws-eventstream/2.27.13/http-auth-aws-eventstream-2.27.13.jar:/Users/sarthak/.m2/repository/software/amazon/awssdk/http-auth-spi/2.27.13/http-auth-spi-2.27.13.jar:/Users/sarthak/.m2/repository/org/reactivestreams/reactive-streams/1.0.4/reactive-streams-1.0.4.jar:/Users/sarthak/.m2/repository/software/amazon/awssdk/identity-spi/2.27.13/identity-spi-2.27.13.jar:/Users/sarthak/.m2/repository/software/amazon/awssdk/http-auth/2.27.13/http-auth-2.27.13.jar:/Users/sarthak/.m2/repository/software/amazon/awssdk/profiles/2.27.13/profiles-2.27.13.jar:/Users/sarthak/.m2/repository/software/amazon/awssdk/sdk-core/2.27.13/sdk-core-2.27.13.jar:/Users/sarthak/.m2/repository/software/amazon/awssdk/checksums-spi/2.27.13/checksums-spi-2.27.13.jar:/Users/sarthak/.m2/repository/software/amazon/awssdk/checksums/2.27.13/checksums-2.27.13.jar:/Users/sarthak/.m2/repository/software/amazon/awssdk/http-client-spi/2.27.13/http-client-spi-2.27.13.jar:/Users/sarthak/.m2/repository/software/amazon/awssdk/metrics-spi/2.27.13/metrics-spi-2.27.13.jar:/Users/sarthak/.m2/repository/software/amazon/awssdk/endpoints-spi/2.27.13/endpoints-spi-2.27.13.jar:/Users/sarthak/.m2/repository/software/amazon/awssdk/utils/2.27.13/utils-2.27.13.jar:/Users/sarthak/.m2/repository/software/amazon/awssdk/retries-spi/2.27.13/retries-spi-2.27.13.jar:/Users/sarthak/.m2/repository/software/amazon/awssdk/retries/2.27.13/retries-2.27.13.jar:/Users/sarthak/.m2/repository/software/amazon/eventstream/eventstream/1.0.1/eventstream-1.0.1.jar:/Users/sarthak/.m2/repository/org/springframework/boot/spring-boot-devtools/3.2.10/spring-boot-devtools-3.2.10.jar:/Users/sarthak/.m2/repository/org/springframework/boot/spring-boot/3.2.10/spring-boot-3.2.10.jar:/Users/sarthak/.m2/repository/org/springframework/boot/spring-boot-autoconfigure/3.2.10/spring-boot-autoconfigure-3.2.10.jar:/Users/sarthak/.m2/repository/org/projectlombok/lombok/1.18.30/lombok-1.18.30.jar:/Users/sarthak/.m2/repository/org/springframework/boot/spring-boot-starter-test/3.2.10/spring-boot-starter-test-3.2.10.jar:/Users/sarthak/.m2/repository/org/springframework/boot/spring-boot-test/3.2.10/spring-boot-test-3.2.10.jar:/Users/sarthak/.m2/repository/org/springframework/boot/spring-boot-test-autoconfigure/3.2.10/spring-boot-test-autoconfigure-3.2.10.jar:/Users/sarthak/.m2/repository/com/jayway/jsonpath/json-path/2.9.0/json-path-2.9.0.jar:/Users/sarthak/.m2/repository/jakarta/xml/bind/jakarta.xml.bind-api/4.0.2/jakarta.xml.bind-api-4.0.2.jar:/Users/sarthak/.m2/repository/jakarta/activation/jakarta.activation-api/2.1.3/jakarta.activation-api-2.1.3.jar:/Users/sarthak/.m2/repository/net/minidev/json-smart/2.5.1/json-smart-2.5.1.jar:/Users/sarthak/.m2/repository/net/minidev/accessors-smart/2.5.1/accessors-smart-2.5.1.jar:/Users/sarthak/.m2/repository/org/ow2/asm/asm/9.6/asm-9.6.jar:/Users/sarthak/.m2/repository/org/assertj/assertj-core/3.24.2/assertj-core-3.24.2.jar:/Users/sarthak/.m2/repository/org/awaitility/awaitility/4.2.2/awaitility-4.2.2.jar:/Users/sarthak/.m2/repository/org/hamcrest/hamcrest/2.2/hamcrest-2.2.jar:/Users/sarthak/.m2/repository/org/junit/jupiter/junit-jupiter/5.10.3/junit-jupiter-5.10.3.jar:/Users/sarthak/.m2/repository/org/junit/jupiter/junit-jupiter-api/5.10.3/junit-jupiter-api-5.10.3.jar:/Users/sarthak/.m2/repository/org/opentest4j/opentest4j/1.3.0/opentest4j-1.3.0.jar:/Users/sarthak/.m2/repository/org/junit/platform/junit-platform-commons/1.10.3/junit-platform-commons-1.10.3.jar:/Users/sarthak/.m2/repository/org/apiguardian/apiguardian-api/1.1.2/apiguardian-api-1.1.2.jar:/Users/sarthak/.m2/repository/org/junit/jupiter/junit-jupiter-params/5.10.3/junit-jupiter-params-5.10.3.jar:/Users/sarthak/.m2/repository/org/junit/jupiter/junit-jupiter-engine/5.10.3/junit-jupiter-engine-5.10.3.jar:/Users/sarthak/.m2/repository/org/junit/platform/junit-platform-engine/1.10.3/junit-platform-engine-1.10.3.jar:/Users/sarthak/.m2/repository/org/mockito/mockito-core/5.7.0/mockito-core-5.7.0.jar:/Users/sarthak/.m2/repository/net/bytebuddy/byte-buddy-agent/1.14.19/byte-buddy-agent-1.14.19.jar:/Users/sarthak/.m2/repository/org/objenesis/objenesis/3.3/objenesis-3.3.jar:/Users/sarthak/.m2/repository/org/mockito/mockito-junit-jupiter/5.7.0/mockito-junit-jupiter-5.7.0.jar:/Users/sarthak/.m2/repository/org/skyscreamer/jsonassert/1.5.3/jsonassert-1.5.3.jar:/Users/sarthak/.m2/repository/com/vaadin/external/google/android-json/0.0.20131108.vaadin1/android-json-0.0.20131108.vaadin1.jar:/Users/sarthak/.m2/repository/org/springframework/spring-core/6.1.13/spring-core-6.1.13.jar:/Users/sarthak/.m2/repository/org/springframework/spring-jcl/6.1.13/spring-jcl-6.1.13.jar:/Users/sarthak/.m2/repository/org/springframework/spring-test/6.1.13/spring-test-6.1.13.jar:/Users/sarthak/.m2/repository/org/xmlunit/xmlunit-core/2.9.1/xmlunit-core-2.9.1.jar:/Users/sarthak/.m2/repository/org/postgresql/postgresql/42.6.0/postgresql-42.6.0.jar:/Users/sarthak/.m2/repository/org/checkerframework/checker-qual/3.31.0/checker-qual-3.31.0.jar:/Users/sarthak/.m2/repository/com/zaxxer/HikariCP/5.0.1/HikariCP-5.0.1.jar:/Users/sarthak/.m2/repository/org/springframework/security/spring-security-test/6.2.6/spring-security-test-6.2.6.jar:/Users/sarthak/.m2/repository/org/springframework/security/spring-security-core/6.2.6/spring-security-core-6.2.6.jar:/Users/sarthak/.m2/repository/org/springframework/security/spring-security-crypto/6.2.6/spring-security-crypto-6.2.6.jar:/Users/sarthak/.m2/repository/com/h2database/h2/2.2.224/h2-2.2.224.jar:/Users/sarthak/.m2/repository/org/springframework/boot/spring-boot-starter-actuator/3.2.10/spring-boot-starter-actuator-3.2.10.jar:/Users/sarthak/.m2/repository/org/springframework/boot/spring-boot-actuator-autoconfigure/3.2.10/spring-boot-actuator-autoconfigure-3.2.10.jar:/Users/sarthak/.m2/repository/org/springframework/boot/spring-boot-actuator/3.2.10/spring-boot-actuator-3.2.10.jar:/Users/sarthak/.m2/repository/io/micrometer/micrometer-observation/1.12.10/micrometer-observation-1.12.10.jar:/Users/sarthak/.m2/repository/io/micrometer/micrometer-jakarta9/1.12.10/micrometer-jakarta9-1.12.10.jar:/Users/sarthak/.m2/repository/io/micrometer/micrometer-core/1.12.10/micrometer-core-1.12.10.jar:/Users/sarthak/.m2/repository/io/micrometer/micrometer-commons/1.12.10/micrometer-commons-1.12.10.jar:/Users/sarthak/.m2/repository/org/hdrhistogram/HdrHistogram/2.1.12/HdrHistogram-2.1.12.jar:/Users/sarthak/.m2/repository/org/latencyutils/LatencyUtils/2.0.3/LatencyUtils-2.0.3.jar:/Users/sarthak/.m2/repository/io/micrometer/micrometer-registry-cloudwatch2/1.12.10/micrometer-registry-cloudwatch2-1.12.10.jar:/Users/sarthak/.m2/repository/software/amazon/awssdk/cloudwatch/2.21.46/cloudwatch-2.21.46.jar:/Users/sarthak/.m2/repository/software/amazon/awssdk/aws-query-protocol/2.21.46/aws-query-protocol-2.21.46.jar:/Users/sarthak/.m2/repository/software/amazon/awssdk/protocol-core/2.21.46/protocol-core-2.21.46.jar:/Users/sarthak/.m2/repository/software/amazon/awssdk/apache-client/2.21.46/apache-client-2.21.46.jar:/Users/sarthak/.m2/repository/org/apache/httpcomponents/httpcore/4.4.16/httpcore-4.4.16.jar:/Users/sarthak/.m2/repository/software/amazon/awssdk/netty-nio-client/2.21.46/netty-nio-client-2.21.46.jar:/Users/sarthak/.m2/repository/io/netty/netty-codec-http/4.1.113.Final/netty-codec-http-4.1.113.Final.jar:/Users/sarthak/.m2/repository/io/netty/netty-codec-http2/4.1.113.Final/netty-codec-http2-4.1.113.Final.jar:/Users/sarthak/.m2/repository/io/netty/netty-codec/4.1.113.Final/netty-codec-4.1.113.Final.jar:/Users/sarthak/.m2/repository/io/netty/netty-transport/4.1.113.Final/netty-transport-4.1.113.Final.jar:/Users/sarthak/.m2/repository/io/netty/netty-common/4.1.113.Final/netty-common-4.1.113.Final.jar:/Users/sarthak/.m2/repository/io/netty/netty-buffer/4.1.113.Final/netty-buffer-4.1.113.Final.jar:/Users/sarthak/.m2/repository/io/netty/netty-handler/4.1.113.Final/netty-handler-4.1.113.Final.jar:/Users/sarthak/.m2/repository/io/netty/netty-transport-native-unix-common/4.1.113.Final/netty-transport-native-unix-common-4.1.113.Final.jar:/Users/sarthak/.m2/repository/io/netty/netty-transport-classes-epoll/4.1.113.Final/netty-transport-classes-epoll-4.1.113.Final.jar:/Users/sarthak/.m2/repository/io/netty/netty-resolver/4.1.113.Final/netty-resolver-4.1.113.Final.jar:/Users/sarthak/.m2/repository/org/springframework/boot/spring-boot-starter-aop/3.2.10/spring-boot-starter-aop-3.2.10.jar:/Users/sarthak/.m2/repository/org/aspectj/aspectjweaver/1.9.22.1/aspectjweaver-1.9.22.1.jar:/Users/sarthak/.m2/repository/net/logstash/logback/logstash-logback-encoder/7.4/logstash-logback-encoder-7.4.jar:/Users/sarthak/.m2/repository/com/fasterxml/jackson/core/jackson-databind/2.15.4/jackson-databind-2.15.4.jar:/Users/sarthak/.m2/repository/com/fasterxml/jackson/core/jackson-annotations/2.15.4/jackson-annotations-2.15.4.jar:/Users/sarthak/.m2/repository/com/fasterxml/jackson/core/jackson-core/2.15.4/jackson-core-2.15.4.jar:/Users/sarthak/.m2/repository/org/springframework/cloud/spring-cloud-starter-aws/2.2.6.RELEASE/spring-cloud-starter-aws-2.2.6.RELEASE.jar:/Users/sarthak/.m2/repository/org/springframework/cloud/spring-cloud-aws-context/2.2.6.RELEASE/spring-cloud-aws-context-2.2.6.RELEASE.jar:/Users/sarthak/.m2/repository/org/springframework/cloud/spring-cloud-aws-core/2.2.6.RELEASE/spring-cloud-aws-core-2.2.6.RELEASE.jar:/Users/sarthak/.m2/repository/com/amazonaws/aws-java-sdk-ec2/1.11.792/aws-java-sdk-ec2-1.11.792.jar:/Users/sarthak/.m2/repository/com/amazonaws/aws-java-sdk-cloudformation/1.11.792/aws-java-sdk-cloudformation-1.11.792.jar:/Users/sarthak/.m2/repository/org/springframework/cloud/spring-cloud-aws-autoconfigure/2.2.6.RELEASE/spring-cloud-aws-autoconfigure-2.2.6.RELEASE.jar:/Users/sarthak/.m2/repository/javax/activation/javax.activation-api/1.2.0/javax.activation-api-1.2.0.jar:/Users/sarthak/.m2/repository/org/slf4j/slf4j-api/2.0.9/slf4j-api-2.0.9.jar:/Users/sarthak/.m2/repository/com/amazonaws/aws-java-sdk-s3/1.12.261/aws-java-sdk-s3-1.12.261.jar:/Users/sarthak/.m2/repository/com/amazonaws/aws-java-sdk-kms/1.12.261/aws-java-sdk-kms-1.12.261.jar:/Users/sarthak/.m2/repository/com/amazonaws/aws-java-sdk-core/1.12.261/aws-java-sdk-core-1.12.261.jar:/Users/sarthak/.m2/repository/commons-logging/commons-logging/1.1.3/commons-logging-1.1.3.jar:/Users/sarthak/.m2/repository/commons-codec/commons-codec/1.16.1/commons-codec-1.16.1.jar:/Users/sarthak/.m2/repository/org/apache/httpcomponents/httpclient/4.5.13/httpclient-4.5.13.jar:/Users/sarthak/.m2/repository/software/amazon/ion/ion-java/1.0.2/ion-java-1.0.2.jar:/Users/sarthak/.m2/repository/com/fasterxml/jackson/dataformat/jackson-dataformat-cbor/2.15.4/jackson-dataformat-cbor-2.15.4.jar:/Users/sarthak/.m2/repository/joda-time/joda-time/2.8.1/joda-time-2.8.1.jar:/Users/sarthak/.m2/repository/com/amazonaws/jmespath-java/1.12.261/jmespath-java-1.12.261.jar:/Users/sarthak/.m2/repository/com/amazonaws/aws-java-sdk-sns/1.12.261/aws-java-sdk-sns-1.12.261.jar:/Users/sarthak/.m2/repository/com/amazonaws/aws-java-sdk-sqs/1.12.261/aws-java-sdk-sqs-1.12.261.jar:/Users/sarthak/.m2/repository/org/springframework/data/spring-data-jpa/3.1.5/spring-data-jpa-3.1.5.jar:/Users/sarthak/.m2/repository/org/springframework/data/spring-data-commons/3.2.10/spring-data-commons-3.2.10.jar:/Users/sarthak/.m2/repository/org/springframework/spring-orm/6.1.13/spring-orm-6.1.13.jar:/Users/sarthak/.m2/repository/org/springframework/spring-context/6.1.13/spring-context-6.1.13.jar:/Users/sarthak/.m2/repository/org/springframework/spring-tx/6.1.13/spring-tx-6.1.13.jar:/Users/sarthak/.m2/repository/org/springframework/spring-beans/6.1.13/spring-beans-6.1.13.jar:/Users/sarthak/.m2/repository/org/antlr/antlr4-runtime/4.10.1/antlr4-runtime-4.10.1.jar:/Users/sarthak/.m2/repository/jakarta/annotation/jakarta.annotation-api/2.1.1/jakarta.annotation-api-2.1.1.jar:/Users/sarthak/.m2/repository/org/hibernate/orm/hibernate-core/6.3.1.Final/hibernate-core-6.3.1.Final.jar:/Users/sarthak/.m2/repository/jakarta/persistence/jakarta.persistence-api/3.1.0/jakarta.persistence-api-3.1.0.jar:/Users/sarthak/.m2/repository/jakarta/transaction/jakarta.transaction-api/2.0.1/jakarta.transaction-api-2.0.1.jar:/Users/sarthak/.m2/repository/org/jboss/logging/jboss-logging/3.5.3.Final/jboss-logging-3.5.3.Final.jar:/Users/sarthak/.m2/repository/org/hibernate/common/hibernate-commons-annotations/6.0.6.Final/hibernate-commons-annotations-6.0.6.Final.jar:/Users/sarthak/.m2/repository/io/smallrye/jandex/3.1.2/jandex-3.1.2.jar:/Users/sarthak/.m2/repository/com/fasterxml/classmate/1.6.0/classmate-1.6.0.jar:/Users/sarthak/.m2/repository/net/bytebuddy/byte-buddy/1.14.19/byte-buddy-1.14.19.jar:/Users/sarthak/.m2/repository/org/glassfish/jaxb/jaxb-runtime/4.0.5/jaxb-runtime-4.0.5.jar:/Users/sarthak/.m2/repository/org/glassfish/jaxb/jaxb-core/4.0.5/jaxb-core-4.0.5.jar:/Users/sarthak/.m2/repository/org/eclipse/angus/angus-activation/2.0.2/angus-activation-2.0.2.jar:/Users/sarthak/.m2/repository/org/glassfish/jaxb/txw2/4.0.5/txw2-4.0.5.jar:/Users/sarthak/.m2/repository/com/sun/istack/istack-commons-runtime/4.1.2/istack-commons-runtime-4.1.2.jar:/Users/sarthak/.m2/repository/jakarta/inject/jakarta.inject-api/2.0.1/jakarta.inject-api-2.0.1.jar:"/>
    <property name="java.vm.vendor" value="Homebrew"/>
    <property name="sun.arch.data.model" value="64"/>
    <property name="java.vendor.url" value="https://github.com/Homebrew/homebrew-core/issues"/>
    <property name="user.timezone" value="America/New_York"/>
    <property name="org.jboss.logging.provider" value="slf4j"/>
    <property name="os.name" value="Mac OS X"/>
    <property name="java.vm.specification.version" value="23"/>
    <property name="sun.java.launcher" value="SUN_STANDARD"/>
    <property name="user.country" value="US"/>
    <property name="sun.boot.library.path" value="/opt/homebrew/Cellar/openjdk/23.0.1/libexec/openjdk.jdk/Contents/Home/lib"/>
    <property name="sun.java.command" value="/Users/sarthak/csye6225/webapp/target/surefire/surefirebooter-20241120205403656_3.jar /Users/sarthak/csye6225/webapp/target/surefire 2024-11-20T20-54-03_619-jvmRun1 surefire-20241120205403656_1tmp surefire_0-20241120205403656_2tmp"/>
    <property name="http.nonProxyHosts" value="local|*.local|169.254/16|*.169.254/16"/>
    <property name="jdk.debug" value="release"/>
    <property name="surefire.test.class.path" value="/Users/sarthak/csye6225/webapp/target/test-classes:/Users/sarthak/csye6225/webapp/target/classes:/Users/sarthak/.m2/repository/org/springframework/boot/spring-boot-starter-data-jpa/3.2.10/spring-boot-starter-data-jpa-3.2.10.jar:/Users/sarthak/.m2/repository/org/springframework/boot/spring-boot-starter-jdbc/3.2.10/spring-boot-starter-jdbc-3.2.10.jar:/Users/sarthak/.m2/repository/org/springframework/spring-jdbc/6.1.13/spring-jdbc-6.1.13.jar:/Users/sarthak/.m2/repository/org/springframework/spring-aspects/6.1.13/spring-aspects-6.1.13.jar:/Users/sarthak/.m2/repository/org/springframework/boot/spring-boot-starter-security/3.2.10/spring-boot-starter-security-3.2.10.jar:/Users/sarthak/.m2/repository/org/springframework/boot/spring-boot-starter/3.2.10/spring-boot-starter-3.2.10.jar:/Users/sarthak/.m2/repository/org/springframework/boot/spring-boot-starter-logging/3.2.10/spring-boot-starter-logging-3.2.10.jar:/Users/sarthak/.m2/repository/ch/qos/logback/logback-classic/1.4.14/logback-classic-1.4.14.jar:/Users/sarthak/.m2/repository/ch/qos/logback/logback-core/1.4.14/logback-core-1.4.14.jar:/Users/sarthak/.m2/repository/org/apache/logging/log4j/log4j-to-slf4j/2.21.1/log4j-to-slf4j-2.21.1.jar:/Users/sarthak/.m2/repository/org/apache/logging/log4j/log4j-api/2.21.1/log4j-api-2.21.1.jar:/Users/sarthak/.m2/repository/org/slf4j/jul-to-slf4j/2.0.16/jul-to-slf4j-2.0.16.jar:/Users/sarthak/.m2/repository/org/yaml/snakeyaml/2.2/snakeyaml-2.2.jar:/Users/sarthak/.m2/repository/org/springframework/spring-aop/6.1.13/spring-aop-6.1.13.jar:/Users/sarthak/.m2/repository/org/springframework/security/spring-security-config/6.2.6/spring-security-config-6.2.6.jar:/Users/sarthak/.m2/repository/org/springframework/security/spring-security-web/6.2.6/spring-security-web-6.2.6.jar:/Users/sarthak/.m2/repository/org/springframework/spring-expression/6.1.13/spring-expression-6.1.13.jar:/Users/sarthak/.m2/repository/org/springframework/boot/spring-boot-starter-validation/3.2.10/spring-boot-starter-validation-3.2.10.jar:/Users/sarthak/.m2/repository/org/apache/tomcat/embed/tomcat-embed-el/10.1.30/tomcat-embed-el-10.1.30.jar:/Users/sarthak/.m2/repository/org/hibernate/validator/hibernate-validator/8.0.1.Final/hibernate-validator-8.0.1.Final.jar:/Users/sarthak/.m2/repository/jakarta/validation/jakarta.validation-api/3.0.2/jakarta.validation-api-3.0.2.jar:/Users/sarthak/.m2/repository/org/springframework/boot/spring-boot-starter-web/3.2.10/spring-boot-starter-web-3.2.10.jar:/Users/sarthak/.m2/repository/org/springframework/boot/spring-boot-starter-json/3.2.10/spring-boot-starter-json-3.2.10.jar:/Users/sarthak/.m2/repository/com/fasterxml/jackson/datatype/jackson-datatype-jdk8/2.15.4/jackson-datatype-jdk8-2.15.4.jar:/Users/sarthak/.m2/repository/com/fasterxml/jackson/datatype/jackson-datatype-jsr310/2.15.4/jackson-datatype-jsr310-2.15.4.jar:/Users/sarthak/.m2/repository/com/fasterxml/jackson/module/jackson-module-parameter-names/2.15.4/jackson-module-parameter-names-2.15.4.jar:/Users/sarthak/.m2/repository/org/springframework/boot/spring-boot-starter-tomcat/3.2.10/spring-boot-starter-tomcat-3.2.10.jar:/Users/sarthak/.m2/repository/org/apache/tomcat/embed/tomcat-embed-core/10.1.30/tomcat-embed-core-10.1.30.jar:/Users/sarthak/.m2/repository/org/apache/tomcat/embed/tomcat-embed-websocket/10.1.30/tomcat-embed-websocket-10.1.30.jar:/Users/sarthak/.m2/repository/org/springframework/spring-web/6.1.13/spring-web-6.1.13.jar:/Users/sarthak/.m2/repository/org/springframework/spring-webmvc/6.1.13/spring-webmvc-6.1.13.jar:/Users/sarthak/.m2/repository/software/amazon/awssdk/aws-core/2.27.13/aws-core-2.27.13.jar:/Users/sarthak/.m2/repository/software/amazon/awssdk/annotations/2.27.13/annotations-2.27.13.jar:/Users/sarthak/.m2/repository/software/amazon/awssdk/regions/2.27.13/regions-2.27.13.jar:/Users/sarthak/.m2/repository/software/amazon/awssdk/json-utils/2.27.13/json-utils-2.27.13.jar:/Users/sarthak/.m2/repository/software/amazon/awssdk/third-party-jackson-core/2.27.13/third-party-jackson-core-2.27.13.jar:/Users/sarthak/.m2/repository/software/amazon/awssdk/auth/2.27.13/auth-2.27.13.jar:/Users/sarthak/.m2/repository/software/amazon/awssdk/http-auth-aws/2.27.13/http-auth-aws-2.27.13.jar:/Users/sarthak/.m2/repository/software/amazon/awssdk/http-auth-aws-eventstream/2.27.13/http-auth-aws-eventstream-2.27.13.jar:/Users/sarthak/.m2/repository/software/amazon/awssdk/http-auth-spi/2.27.13/http-auth-spi-2.27.13.jar:/Users/sarthak/.m2/repository/org/reactivestreams/reactive-streams/1.0.4/reactive-streams-1.0.4.jar:/Users/sarthak/.m2/repository/software/amazon/awssdk/identity-spi/2.27.13/identity-spi-2.27.13.jar:/Users/sarthak/.m2/repository/software/amazon/awssdk/http-auth/2.27.13/http-auth-2.27.13.jar:/Users/sarthak/.m2/repository/software/amazon/awssdk/profiles/2.27.13/profiles-2.27.13.jar:/Users/sarthak/.m2/repository/software/amazon/awssdk/sdk-core/2.27.13/sdk-core-2.27.13.jar:/Users/sarthak/.m2/repository/software/amazon/awssdk/checksums-spi/2.27.13/checksums-spi-2.27.13.jar:/Users/sarthak/.m2/repository/software/amazon/awssdk/checksums/2.27.13/checksums-2.27.13.jar:/Users/sarthak/.m2/repository/software/amazon/awssdk/http-client-spi/2.27.13/http-client-spi-2.27.13.jar:/Users/sarthak/.m2/repository/software/amazon/awssdk/metrics-spi/2.27.13/metrics-spi-2.27.13.jar:/Users/sarthak/.m2/repository/software/amazon/awssdk/endpoints-spi/2.27.13/endpoints-spi-2.27.13.jar:/Users/sarthak/.m2/repository/software/amazon/awssdk/utils/2.27.13/utils-2.27.13.jar:/Users/sarthak/.m2/repository/software/amazon/awssdk/retries-spi/2.27.13/retries-spi-2.27.13.jar:/Users/sarthak/.m2/repository/software/amazon/awssdk/retries/2.27.13/retries-2.27.13.jar:/Users/sarthak/.m2/repository/software/amazon/eventstream/eventstream/1.0.1/eventstream-1.0.1.jar:/Users/sarthak/.m2/repository/org/springframework/boot/spring-boot-devtools/3.2.10/spring-boot-devtools-3.2.10.jar:/Users/sarthak/.m2/repository/org/springframework/boot/spring-boot/3.2.10/spring-boot-3.2.10.jar:/Users/sarthak/.m2/repository/org/springframework/boot/spring-boot-autoconfigure/3.2.10/spring-boot-autoconfigure-3.2.10.jar:/Users/sarthak/.m2/repository/org/projectlombok/lombok/1.18.30/lombok-1.18.30.jar:/Users/sarthak/.m2/repository/org/springframework/boot/spring-boot-starter-test/3.2.10/spring-boot-starter-test-3.2.10.jar:/Users/sarthak/.m2/repository/org/springframework/boot/spring-boot-test/3.2.10/spring-boot-test-3.2.10.jar:/Users/sarthak/.m2/repository/org/springframework/boot/spring-boot-test-autoconfigure/3.2.10/spring-boot-test-autoconfigure-3.2.10.jar:/Users/sarthak/.m2/repository/com/jayway/jsonpath/json-path/2.9.0/json-path-2.9.0.jar:/Users/sarthak/.m2/repository/jakarta/xml/bind/jakarta.xml.bind-api/4.0.2/jakarta.xml.bind-api-4.0.2.jar:/Users/sarthak/.m2/repository/jakarta/activation/jakarta.activation-api/2.1.3/jakarta.activation-api-2.1.3.jar:/Users/sarthak/.m2/repository/net/minidev/json-smart/2.5.1/json-smart-2.5.1.jar:/Users/sarthak/.m2/repository/net/minidev/accessors-smart/2.5.1/accessors-smart-2.5.1.jar:/Users/sarthak/.m2/repository/org/ow2/asm/asm/9.6/asm-9.6.jar:/Users/sarthak/.m2/repository/org/assertj/assertj-core/3.24.2/assertj-core-3.24.2.jar:/Users/sarthak/.m2/repository/org/awaitility/awaitility/4.2.2/awaitility-4.2.2.jar:/Users/sarthak/.m2/repository/org/hamcrest/hamcrest/2.2/hamcrest-2.2.jar:/Users/sarthak/.m2/repository/org/junit/jupiter/junit-jupiter/5.10.3/junit-jupiter-5.10.3.jar:/Users/sarthak/.m2/repository/org/junit/jupiter/junit-jupiter-api/5.10.3/junit-jupiter-api-5.10.3.jar:/Users/sarthak/.m2/repository/org/opentest4j/opentest4j/1.3.0/opentest4j-1.3.0.jar:/Users/sarthak/.m2/repository/org/junit/platform/junit-platform-commons/1.10.3/junit-platform-commons-1.10.3.jar:/Users/sarthak/.m2/repository/org/apiguardian/apiguardian-api/1.1.2/apiguardian-api-1.1.2.jar:/Users/sarthak/.m2/repository/org/junit/jupiter/junit-jupiter-params/5.10.3/junit-jupiter-params-5.10.3.jar:/Users/sarthak/.m2/repository/org/junit/jupiter/junit-jupiter-engine/5.10.3/junit-jupiter-engine-5.10.3.jar:/Users/sarthak/.m2/repository/org/junit/platform/junit-platform-engine/1.10.3/junit-platform-engine-1.10.3.jar:/Users/sarthak/.m2/repository/org/mockito/mockito-core/5.7.0/mockito-core-5.7.0.jar:/Users/sarthak/.m2/repository/net/bytebuddy/byte-buddy-agent/1.14.19/byte-buddy-agent-1.14.19.jar:/Users/sarthak/.m2/repository/org/objenesis/objenesis/3.3/objenesis-3.3.jar:/Users/sarthak/.m2/repository/org/mockito/mockito-junit-jupiter/5.7.0/mockito-junit-jupiter-5.7.0.jar:/Users/sarthak/.m2/repository/org/skyscreamer/jsonassert/1.5.3/jsonassert-1.5.3.jar:/Users/sarthak/.m2/repository/com/vaadin/external/google/android-json/0.0.20131108.vaadin1/android-json-0.0.20131108.vaadin1.jar:/Users/sarthak/.m2/repository/org/springframework/spring-core/6.1.13/spring-core-6.1.13.jar:/Users/sarthak/.m2/repository/org/springframework/spring-jcl/6.1.13/spring-jcl-6.1.13.jar:/Users/sarthak/.m2/repository/org/springframework/spring-test/6.1.13/spring-test-6.1.13.jar:/Users/sarthak/.m2/repository/org/xmlunit/xmlunit-core/2.9.1/xmlunit-core-2.9.1.jar:/Users/sarthak/.m2/repository/org/postgresql/postgresql/42.6.0/postgresql-42.6.0.jar:/Users/sarthak/.m2/repository/org/checkerframework/checker-qual/3.31.0/checker-qual-3.31.0.jar:/Users/sarthak/.m2/repository/com/zaxxer/HikariCP/5.0.1/HikariCP-5.0.1.jar:/Users/sarthak/.m2/repository/org/springframework/security/spring-security-test/6.2.6/spring-security-test-6.2.6.jar:/Users/sarthak/.m2/repository/org/springframework/security/spring-security-core/6.2.6/spring-security-core-6.2.6.jar:/Users/sarthak/.m2/repository/org/springframework/security/spring-security-crypto/6.2.6/spring-security-crypto-6.2.6.jar:/Users/sarthak/.m2/repository/com/h2database/h2/2.2.224/h2-2.2.224.jar:/Users/sarthak/.m2/repository/org/springframework/boot/spring-boot-starter-actuator/3.2.10/spring-boot-starter-actuator-3.2.10.jar:/Users/sarthak/.m2/repository/org/springframework/boot/spring-boot-actuator-autoconfigure/3.2.10/spring-boot-actuator-autoconfigure-3.2.10.jar:/Users/sarthak/.m2/repository/org/springframework/boot/spring-boot-actuator/3.2.10/spring-boot-actuator-3.2.10.jar:/Users/sarthak/.m2/repository/io/micrometer/micrometer-observation/1.12.10/micrometer-observation-1.12.10.jar:/Users/sarthak/.m2/repository/io/micrometer/micrometer-jakarta9/1.12.10/micrometer-jakarta9-1.12.10.jar:/Users/sarthak/.m2/repository/io/micrometer/micrometer-core/1.12.10/micrometer-core-1.12.10.jar:/Users/sarthak/.m2/repository/io/micrometer/micrometer-commons/1.12.10/micrometer-commons-1.12.10.jar:/Users/sarthak/.m2/repository/org/hdrhistogram/HdrHistogram/2.1.12/HdrHistogram-2.1.12.jar:/Users/sarthak/.m2/repository/org/latencyutils/LatencyUtils/2.0.3/LatencyUtils-2.0.3.jar:/Users/sarthak/.m2/repository/io/micrometer/micrometer-registry-cloudwatch2/1.12.10/micrometer-registry-cloudwatch2-1.12.10.jar:/Users/sarthak/.m2/repository/software/amazon/awssdk/cloudwatch/2.21.46/cloudwatch-2.21.46.jar:/Users/sarthak/.m2/repository/software/amazon/awssdk/aws-query-protocol/2.21.46/aws-query-protocol-2.21.46.jar:/Users/sarthak/.m2/repository/software/amazon/awssdk/protocol-core/2.21.46/protocol-core-2.21.46.jar:/Users/sarthak/.m2/repository/software/amazon/awssdk/apache-client/2.21.46/apache-client-2.21.46.jar:/Users/sarthak/.m2/repository/org/apache/httpcomponents/httpcore/4.4.16/httpcore-4.4.16.jar:/Users/sarthak/.m2/repository/software/amazon/awssdk/netty-nio-client/2.21.46/netty-nio-client-2.21.46.jar:/Users/sarthak/.m2/repository/io/netty/netty-codec-http/4.1.113.Final/netty-codec-http-4.1.113.Final.jar:/Users/sarthak/.m2/repository/io/netty/netty-codec-http2/4.1.113.Final/netty-codec-http2-4.1.113.Final.jar:/Users/sarthak/.m2/repository/io/netty/netty-codec/4.1.113.Final/netty-codec-4.1.113.Final.jar:/Users/sarthak/.m2/repository/io/netty/netty-transport/4.1.113.Final/netty-transport-4.1.113.Final.jar:/Users/sarthak/.m2/repository/io/netty/netty-common/4.1.113.Final/netty-common-4.1.113.Final.jar:/Users/sarthak/.m2/repository/io/netty/netty-buffer/4.1.113.Final/netty-buffer-4.1.113.Final.jar:/Users/sarthak/.m2/repository/io/netty/netty-handler/4.1.113.Final/netty-handler-4.1.113.Final.jar:/Users/sarthak/.m2/repository/io/netty/netty-transport-native-unix-common/4.1.113.Final/netty-transport-native-unix-common-4.1.113.Final.jar:/Users/sarthak/.m2/repository/io/netty/netty-transport-classes-epoll/4.1.113.Final/netty-transport-classes-epoll-4.1.113.Final.jar:/Users/sarthak/.m2/repository/io/netty/netty-resolver/4.1.113.Final/netty-resolver-4.1.113.Final.jar:/Users/sarthak/.m2/repository/org/springframework/boot/spring-boot-starter-aop/3.2.10/spring-boot-starter-aop-3.2.10.jar:/Users/sarthak/.m2/repository/org/aspectj/aspectjweaver/1.9.22.1/aspectjweaver-1.9.22.1.jar:/Users/sarthak/.m2/repository/net/logstash/logback/logstash-logback-encoder/7.4/logstash-logback-encoder-7.4.jar:/Users/sarthak/.m2/repository/com/fasterxml/jackson/core/jackson-databind/2.15.4/jackson-databind-2.15.4.jar:/Users/sarthak/.m2/repository/com/fasterxml/jackson/core/jackson-annotations/2.15.4/jackson-annotations-2.15.4.jar:/Users/sarthak/.m2/repository/com/fasterxml/jackson/core/jackson-core/2.15.4/jackson-core-2.15.4.jar:/Users/sarthak/.m2/repository/org/springframework/cloud/spring-cloud-starter-aws/2.2.6.RELEASE/spring-cloud-starter-aws-2.2.6.RELEASE.jar:/Users/sarthak/.m2/repository/org/springframework/cloud/spring-cloud-aws-context/2.2.6.RELEASE/spring-cloud-aws-context-2.2.6.RELEASE.jar:/Users/sarthak/.m2/repository/org/springframework/cloud/spring-cloud-aws-core/2.2.6.RELEASE/spring-cloud-aws-core-2.2.6.RELEASE.jar:/Users/sarthak/.m2/repository/com/amazonaws/aws-java-sdk-ec2/1.11.792/aws-java-sdk-ec2-1.11.792.jar:/Users/sarthak/.m2/repository/com/amazonaws/aws-java-sdk-cloudformation/1.11.792/aws-java-sdk-cloudformation-1.11.792.jar:/Users/sarthak/.m2/repository/org/springframework/cloud/spring-cloud-aws-autoconfigure/2.2.6.RELEASE/spring-cloud-aws-autoconfigure-2.2.6.RELEASE.jar:/Users/sarthak/.m2/repository/javax/activation/javax.activation-api/1.2.0/javax.activation-api-1.2.0.jar:/Users/sarthak/.m2/repository/org/slf4j/slf4j-api/2.0.9/slf4j-api-2.0.9.jar:/Users/sarthak/.m2/repository/com/amazonaws/aws-java-sdk-s3/1.12.261/aws-java-sdk-s3-1.12.261.jar:/Users/sarthak/.m2/repository/com/amazonaws/aws-java-sdk-kms/1.12.261/aws-java-sdk-kms-1.12.261.jar:/Users/sarthak/.m2/repository/com/amazonaws/aws-java-sdk-core/1.12.261/aws-java-sdk-core-1.12.261.jar:/Users/sarthak/.m2/repository/commons-logging/commons-logging/1.1.3/commons-logging-1.1.3.jar:/Users/sarthak/.m2/repository/commons-codec/commons-codec/1.16.1/commons-codec-1.16.1.jar:/Users/sarthak/.m2/repository/org/apache/httpcomponents/httpclient/4.5.13/httpclient-4.5.13.jar:/Users/sarthak/.m2/repository/software/amazon/ion/ion-java/1.0.2/ion-java-1.0.2.jar:/Users/sarthak/.m2/repository/com/fasterxml/jackson/dataformat/jackson-dataformat-cbor/2.15.4/jackson-dataformat-cbor-2.15.4.jar:/Users/sarthak/.m2/repository/joda-time/joda-time/2.8.1/joda-time-2.8.1.jar:/Users/sarthak/.m2/repository/com/amazonaws/jmespath-java/1.12.261/jmespath-java-1.12.261.jar:/Users/sarthak/.m2/repository/com/amazonaws/aws-java-sdk-sns/1.12.261/aws-java-sdk-sns-1.12.261.jar:/Users/sarthak/.m2/repository/com/amazonaws/aws-java-sdk-sqs/1.12.261/aws-java-sdk-sqs-1.12.261.jar:/Users/sarthak/.m2/repository/org/springframework/data/spring-data-jpa/3.1.5/spring-data-jpa-3.1.5.jar:/Users/sarthak/.m2/repository/org/springframework/data/spring-data-commons/3.2.10/spring-data-commons-3.2.10.jar:/Users/sarthak/.m2/repository/org/springframework/spring-orm/6.1.13/spring-orm-6.1.13.jar:/Users/sarthak/.m2/repository/org/springframework/spring-context/6.1.13/spring-context-6.1.13.jar:/Users/sarthak/.m2/repository/org/springframework/spring-tx/6.1.13/spring-tx-6.1.13.jar:/Users/sarthak/.m2/repository/org/springframework/spring-beans/6.1.13/spring-beans-6.1.13.jar:/Users/sarthak/.m2/repository/org/antlr/antlr4-runtime/4.10.1/antlr4-runtime-4.10.1.jar:/Users/sarthak/.m2/repository/jakarta/annotation/jakarta.annotation-api/2.1.1/jakarta.annotation-api-2.1.1.jar:/Users/sarthak/.m2/repository/org/hibernate/orm/hibernate-core/6.3.1.Final/hibernate-core-6.3.1.Final.jar:/Users/sarthak/.m2/repository/jakarta/persistence/jakarta.persistence-api/3.1.0/jakarta.persistence-api-3.1.0.jar:/Users/sarthak/.m2/repository/jakarta/transaction/jakarta.transaction-api/2.0.1/jakarta.transaction-api-2.0.1.jar:/Users/sarthak/.m2/repository/org/jboss/logging/jboss-logging/3.5.3.Final/jboss-logging-3.5.3.Final.jar:/Users/sarthak/.m2/repository/org/hibernate/common/hibernate-commons-annotations/6.0.6.Final/hibernate-commons-annotations-6.0.6.Final.jar:/Users/sarthak/.m2/repository/io/smallrye/jandex/3.1.2/jandex-3.1.2.jar:/Users/sarthak/.m2/repository/com/fasterxml/classmate/1.6.0/classmate-1.6.0.jar:/Users/sarthak/.m2/repository/net/bytebuddy/byte-buddy/1.14.19/byte-buddy-1.14.19.jar:/Users/sarthak/.m2/repository/org/glassfish/jaxb/jaxb-runtime/4.0.5/jaxb-runtime-4.0.5.jar:/Users/sarthak/.m2/repository/org/glassfish/jaxb/jaxb-core/4.0.5/jaxb-core-4.0.5.jar:/Users/sarthak/.m2/repository/org/eclipse/angus/angus-activation/2.0.2/angus-activation-2.0.2.jar:/Users/sarthak/.m2/repository/org/glassfish/jaxb/txw2/4.0.5/txw2-4.0.5.jar:/Users/sarthak/.m2/repository/com/sun/istack/istack-commons-runtime/4.1.2/istack-commons-runtime-4.1.2.jar:/Users/sarthak/.m2/repository/jakarta/inject/jakarta.inject-api/2.0.1/jakarta.inject-api-2.0.1.jar:"/>
    <property name="sun.cpu.endian" value="little"/>
    <property name="user.home" value="/Users/sarthak"/>
    <property name="user.language" value="en"/>
    <property name="java.specification.vendor" value="Oracle Corporation"/>
    <property name="java.version.date" value="2024-10-15"/>
    <property name="java.home" value="/opt/homebrew/Cellar/openjdk/23.0.1/libexec/openjdk.jdk/Contents/Home"/>
    <property name="file.separator" value="/"/>
    <property name="basedir" value="/Users/sarthak/csye6225/webapp"/>
    <property name="java.vm.compressedOopsMode" value="Zero based"/>
    <property name="line.separator" value="&#10;"/>
    <property name="java.vm.specification.vendor" value="Oracle Corporation"/>
    <property name="java.specification.name" value="Java Platform API Specification"/>
    <property name="FILE_LOG_CHARSET" value="UTF-8"/>
    <property name="java.awt.headless" value="true"/>
    <property name="apple.awt.application.name" value="ForkedBooter"/>
    <property name="surefire.real.class.path" value="/Users/sarthak/csye6225/webapp/target/surefire/surefirebooter-20241120205403656_3.jar"/>
    <property name="sun.management.compiler" value="HotSpot 64-Bit Tiered Compilers"/>
    <property name="ftp.nonProxyHosts" value="local|*.local|169.254/16|*.169.254/16"/>
    <property name="java.runtime.version" value="23.0.1"/>
    <property name="user.name" value="sarthak"/>
    <property name="stdout.encoding" value="UTF-8"/>
    <property name="path.separator" value=":"/>
    <property name="os.version" value="13.4"/>
    <property name="java.runtime.name" value="OpenJDK Runtime Environment"/>
    <property name="file.encoding" value="UTF-8"/>
    <property name="java.vm.name" value="OpenJDK 64-Bit Server VM"/>
    <property name="java.vendor.version" value="Homebrew"/>
    <property name="localRepository" value="/Users/sarthak/.m2/repository"/>
    <property name="java.vendor.url.bug" value="https://github.com/Homebrew/homebrew-core/issues"/>
    <property name="java.io.tmpdir" value="/var/folders/8m/5nm46bh551qg2n34x_990g8h0000gn/T/"/>
    <property name="java.version" value="23.0.1"/>
    <property name="user.dir" value="/Users/sarthak/csye6225/webapp"/>
    <property name="os.arch" value="aarch64"/>
    <property name="java.vm.specification.name" value="Java Virtual Machine Specification"/>
    <property name="PID" value="44367"/>
    <property name="CONSOLE_LOG_CHARSET" value="UTF-8"/>
    <property name="native.encoding" value="UTF-8"/>
    <property name="java.library.path" value="/Users/sarthak/Library/Java/Extensions:/Library/Java/Extensions:/Network/Library/Java/Extensions:/System/Library/Java/Extensions:/usr/lib/java:."/>
    <property name="java.vm.info" value="mixed mode, sharing"/>
    <property name="stderr.encoding" value="UTF-8"/>
    <property name="java.vendor" value="Homebrew"/>
    <property name="java.vm.version" value="23.0.1"/>
    <property name="sun.io.unicode.encoding" value="UnicodeBig"/>
    <property name="socksNonProxyHosts" value="local|*.local|169.254/16|*.169.254/16"/>
    <property name="java.class.version" value="67.0"/>
    <property name="LOGGED_APPLICATION_NAME" value="[webapp-test] "/>
  </properties>
  <testcase name="createUser_Success" classname="com.sarthak.webapp.controller.UserControllerTest" time="0.118">
    <system-out><![CDATA[20:54:04.118 [main] INFO  o.s.t.c.s.AnnotationConfigContextLoaderUtils - Could not detect default configuration classes for test class [com.sarthak.webapp.controller.UserControllerTest]: UserControllerTest does not declare any static, non-private, non-final, nested classes annotated with @Configuration.
20:54:04.178 [main] INFO  o.s.b.t.c.SpringBootTestContextBootstrapper - Found @SpringBootConfiguration com.sarthak.webapp.Webapp for test class com.sarthak.webapp.controller.UserControllerTest
20:54:04.267 [main] INFO  o.s.b.d.r.RestartApplicationListener - Restart disabled due to context in which it is running

  .   ____          _            __ _ _
 /\\ / ___'_ __ _ _(_)_ __  __ _ \ \ \ \
( ( )\___ | '_ | '_| | '_ \/ _` | \ \ \ \
 \\/  ___)| |_)| | | | | || (_| |  ) ) ) )
  '  |____| .__|_| |_|_| |_\__, | / / / /
 =========|_|==============|___/=/_/_/_/
 :: Spring Boot ::               (v3.2.10)

20:54:04.369 [background-preinit] INFO  o.h.validator.internal.util.Version - HV000001: Hibernate Validator 8.0.1.Final
20:54:04.389 [main] INFO  c.s.w.controller.UserControllerTest - Starting UserControllerTest using Java 23.0.1 with PID 44367 (started by sarthak in /Users/sarthak/csye6225/webapp)
20:54:04.389 [main] INFO  c.s.w.controller.UserControllerTest - No active profile set, falling back to 1 default profile: "default"
20:54:05.343 [main] INFO  o.s.s.web.DefaultSecurityFilterChain - Will secure any request with [org.springframework.security.web.session.DisableEncodeUrlFilter@1a0ffb9b, org.springframework.security.web.context.request.async.WebAsyncManagerIntegrationFilter@67c0c90b, org.springframework.security.web.context.SecurityContextHolderFilter@6b751cb1, org.springframework.security.web.header.HeaderWriterFilter@495da9a7, org.springframework.security.web.authentication.logout.LogoutFilter@304744a1, org.springframework.security.web.authentication.www.BasicAuthenticationFilter@19ac93d2, org.springframework.security.web.savedrequest.RequestCacheAwareFilter@4ec427, org.springframework.security.web.servletapi.SecurityContextHolderAwareRequestFilter@5b490d5e, org.springframework.security.web.authentication.AnonymousAuthenticationFilter@8549c5f, org.springframework.security.web.session.SessionManagementFilter@6f112f70, org.springframework.security.web.access.ExceptionTranslationFilter@65d90b7f, org.springframework.security.web.access.intercept.AuthorizationFilter@4ffe3d42]
20:54:05.398 [main] WARN  o.s.b.a.s.s.UserDetailsServiceAutoConfiguration - 

Using generated security password: 93f85ef0-7c53-47c9-8e09-5eb74c5ca91c

This generated password is for development use only. Your security configuration must be updated before running your application in production.

20:54:05.410 [main] INFO  o.s.b.t.m.w.SpringBootMockServletContext - Initializing Spring TestDispatcherServlet ''
20:54:05.410 [main] INFO  o.s.t.w.s.TestDispatcherServlet - Initializing Servlet ''
20:54:05.411 [main] INFO  o.s.t.w.s.TestDispatcherServlet - Completed initialization in 1 ms
20:54:05.420 [main] INFO  c.s.w.controller.UserControllerTest - Started UserControllerTest in 1.157 seconds (process running for 1.726)
20:54:05.519 [main] INFO  c.s.webapp.controller.UserController - Received user creation request for email: john@example.com
20:54:05.520 [main] INFO  c.s.webapp.controller.UserController - Successfully created user with email: john@example.com
]]></system-out>
    <system-err><![CDATA[WARNING: A Java agent has been loaded dynamically (/Users/sarthak/.m2/repository/net/bytebuddy/byte-buddy-agent/1.14.19/byte-buddy-agent-1.14.19.jar)
WARNING: If a serviceability tool is in use, please run with -XX:+EnableDynamicAgentLoading to hide this warning
WARNING: If a serviceability tool is not in use, please run with -Djdk.instrument.traceUsage for more information
WARNING: Dynamic loading of agents will be disallowed by default in a future release
]]></system-err>
  </testcase>
  <testcase name="createUser_InvalidData" classname="com.sarthak.webapp.controller.UserControllerTest" time="0.009"/>
</testsuite>